<?xml version="1.0" encoding="UTF-8"?>
<testng-results ignored="0" total="1" passed="1" failed="0" skipped="0">
  <reporter-output>
  </reporter-output>
  <suite started-at="2024-11-29T08:59:56Z" name="Default suite" finished-at="2024-11-29T09:00:08Z" duration-ms="12281">
    <groups>
    </groups>
    <test started-at="2024-11-29T08:59:56Z" name="Default test" finished-at="2024-11-29T09:00:08Z" duration-ms="12281">
      <class name="Tests.LoginTest">
        <test-method is-config="true" signature="setUp()[pri:0, instance:Tests.LoginTest@1fa1cab1]" started-at="2024-11-29T08:59:56Z" name="setUp" finished-at="2024-11-29T09:00:03Z" duration-ms="6723" status="PASS">
          <reporter-output>
          </reporter-output>
        </test-method> <!-- setUp -->
        <test-method signature="verifyInvalidLogin()[pri:0, instance:Tests.LoginTest@1fa1cab1]" started-at="2024-11-29T09:00:03Z" name="verifyInvalidLogin" finished-at="2024-11-29T09:00:08Z" duration-ms="5217" status="PASS">
          <reporter-output>
          </reporter-output>
        </test-method> <!-- verifyInvalidLogin -->
        <test-method is-config="true" signature="tearDown()[pri:0, instance:Tests.LoginTest@1fa1cab1]" started-at="2024-11-29T09:00:08Z" name="tearDown" finished-at="2024-11-29T09:00:08Z" duration-ms="311" status="PASS">
          <reporter-output>
          </reporter-output>
        </test-method> <!-- tearDown -->
      </class> <!-- Tests.LoginTest -->
    </test> <!-- Default test -->
  </suite> <!-- Default suite -->
</testng-results>
